<?xml version="1.0" encoding="UTF-8"?>
<coverage generated="1589316210420" clover="3.2.0">
  <project timestamp="1589316210420" name="All files">
    <metrics statements="53" coveredstatements="38" conditionals="9" coveredconditionals="9" methods="26" coveredmethods="11" elements="88" coveredelements="58" complexity="0" loc="53" ncloc="53" packages="1" files="4" classes="4"/>
    <file name="pagination-view.tsx" path="/home/joba/react/10-test/src/pagination-view.tsx">
      <metrics statements="27" coveredstatements="23" conditionals="9" coveredconditionals="9" methods="12" coveredmethods="9"/>
      <line num="7" count="1" type="stmt"/>
      <line num="8" count="30" type="stmt"/>
      <line num="10" count="1" type="stmt"/>
      <line num="11" count="22" type="stmt"/>
      <line num="13" count="1" type="stmt"/>
      <line num="14" count="10" type="stmt"/>
      <line num="16" count="1" type="stmt"/>
      <line num="17" count="10" type="stmt"/>
      <line num="22" count="1" type="stmt"/>
      <line num="24" count="10" type="stmt"/>
      <line num="26" count="10" type="stmt"/>
      <line num="27" count="0" type="stmt"/>
      <line num="30" count="10" type="stmt"/>
      <line num="31" count="3" type="stmt"/>
      <line num="32" count="3" type="stmt"/>
      <line num="35" count="10" type="stmt"/>
      <line num="36" count="3" type="stmt"/>
      <line num="37" count="3" type="stmt"/>
      <line num="38" count="3" type="cond" truecount="5" falsecount="0"/>
      <line num="39" count="1" type="stmt"/>
      <line num="43" count="10" type="stmt"/>
      <line num="45" count="1" type="cond" truecount="2" falsecount="0"/>
      <line num="50" count="1" type="cond" truecount="2" falsecount="0"/>
      <line num="56" count="1" type="stmt"/>
      <line num="57" count="0" type="stmt"/>
      <line num="58" count="0" type="stmt"/>
      <line num="60" count="0" type="stmt"/>
    </file>
    <file name="pagination.ts" path="/home/joba/react/10-test/src/pagination.ts">
      <metrics statements="7" coveredstatements="3" conditionals="0" coveredconditionals="0" methods="4" coveredmethods="0"/>
      <line num="10" count="1" type="stmt"/>
      <line num="16" count="1" type="stmt"/>
      <line num="21" count="0" type="stmt"/>
      <line num="24" count="0" type="stmt"/>
      <line num="27" count="0" type="stmt"/>
      <line num="30" count="0" type="stmt"/>
      <line num="42" count="1" type="stmt"/>
    </file>
    <file name="photo-view.tsx" path="/home/joba/react/10-test/src/photo-view.tsx">
      <metrics statements="12" coveredstatements="7" conditionals="0" coveredconditionals="0" methods="7" coveredmethods="2"/>
      <line num="10" count="1" type="stmt"/>
      <line num="11" count="0" type="stmt"/>
      <line num="21" count="1" type="stmt"/>
      <line num="23" count="1" type="stmt"/>
      <line num="26" count="0" type="stmt"/>
      <line num="27" count="0" type="stmt"/>
      <line num="33" count="1" type="stmt"/>
      <line num="34" count="2" type="stmt"/>
      <line num="40" count="4" type="stmt"/>
      <line num="45" count="1" type="stmt"/>
      <line num="46" count="0" type="stmt"/>
      <line num="47" count="0" type="stmt"/>
    </file>
    <file name="photos.ts" path="/home/joba/react/10-test/src/photos.ts">
      <metrics statements="7" coveredstatements="5" conditionals="0" coveredconditionals="0" methods="3" coveredmethods="0"/>
      <line num="12" count="1" type="stmt"/>
      <line num="13" count="0" type="stmt"/>
      <line num="19" count="1" type="stmt"/>
      <line num="21" count="1" type="stmt"/>
      <line num="25" count="1" type="stmt"/>
      <line num="30" count="0" type="stmt"/>
      <line num="37" count="1" type="stmt"/>
    </file>
  </project>
</coverage>
