{"/home/joba/react/10-test/src/pagination-view.tsx": {"path":"/home/joba/react/10-test/src/pagination-view.tsx","statementMap":{"0":{"start":{"line":7,"column":24},"end":{"line":8,"column":44}},"1":{"start":{"line":8,"column":2},"end":{"line":8,"column":44}},"2":{"start":{"line":10,"column":21},"end":{"line":11,"column":53}},"3":{"start":{"line":11,"column":2},"end":{"line":11,"column":53}},"4":{"start":{"line":13,"column":20},"end":{"line":14,"column":35}},"5":{"start":{"line":14,"column":2},"end":{"line":14,"column":35}},"6":{"start":{"line":16,"column":19},"end":{"line":17,"column":58}},"7":{"start":{"line":17,"column":2},"end":{"line":17,"column":58}},"8":{"start":{"line":22,"column":5},"end":{"line":53,"column":1}},"9":{"start":{"line":24,"column":26},"end":{"line":24,"column":74}},"10":{"start":{"line":26,"column":2},"end":{"line":28,"column":18}},"11":{"start":{"line":27,"column":4},"end":{"line":27,"column":51}},"12":{"start":{"line":30,"column":19},"end":{"line":33,"column":27}},"13":{"start":{"line":31,"column":20},"end":{"line":31,"column":36}},"14":{"start":{"line":32,"column":4},"end":{"line":32,"column":20}},"15":{"start":{"line":35,"column":19},"end":{"line":40,"column":34}},"16":{"start":{"line":36,"column":4},"end":{"line":36,"column":24}},"17":{"start":{"line":37,"column":20},"end":{"line":37,"column":38}},"18":{"start":{"line":38,"column":4},"end":{"line":39,"column":33}},"19":{"start":{"line":39,"column":6},"end":{"line":39,"column":33}},"20":{"start":{"line":43,"column":2},"end":{"line":52,"column":3}},"21":{"start":{"line":45,"column":92},"end":{"line":45,"column":114}},"22":{"start":{"line":50,"column":93},"end":{"line":50,"column":114}},"23":{"start":{"line":56,"column":5},"end":{"line":63,"column":1}},"24":{"start":{"line":57,"column":37},"end":{"line":57,"column":104}},"25":{"start":{"line":57,"column":87},"end":{"line":57,"column":103}},"26":{"start":{"line":58,"column":19},"end":{"line":58,"column":32}},"27":{"start":{"line":60,"column":2},"end":{"line":62,"column":3}}},"fnMap":{"0":{"name":"(anonymous_0)","decl":{"start":{"line":7,"column":24},"end":{"line":7,"column":25}},"loc":{"start":{"line":8,"column":2},"end":{"line":8,"column":44}},"line":8},"1":{"name":"(anonymous_1)","decl":{"start":{"line":10,"column":21},"end":{"line":10,"column":22}},"loc":{"start":{"line":11,"column":2},"end":{"line":11,"column":53}},"line":11},"2":{"name":"(anonymous_2)","decl":{"start":{"line":13,"column":20},"end":{"line":13,"column":21}},"loc":{"start":{"line":14,"column":2},"end":{"line":14,"column":35}},"line":14},"3":{"name":"(anonymous_3)","decl":{"start":{"line":16,"column":19},"end":{"line":16,"column":20}},"loc":{"start":{"line":17,"column":2},"end":{"line":17,"column":58}},"line":17},"4":{"name":"(anonymous_4)","decl":{"start":{"line":22,"column":5},"end":{"line":22,"column":6}},"loc":{"start":{"line":22,"column":33},"end":{"line":53,"column":1}},"line":22},"5":{"name":"(anonymous_5)","decl":{"start":{"line":26,"column":12},"end":{"line":26,"column":13}},"loc":{"start":{"line":26,"column":18},"end":{"line":28,"column":3}},"line":26},"6":{"name":"(anonymous_6)","decl":{"start":{"line":30,"column":31},"end":{"line":30,"column":32}},"loc":{"start":{"line":30,"column":40},"end":{"line":33,"column":3}},"line":30},"7":{"name":"(anonymous_7)","decl":{"start":{"line":35,"column":31},"end":{"line":35,"column":32}},"loc":{"start":{"line":35,"column":51},"end":{"line":40,"column":3}},"line":35},"8":{"name":"(anonymous_8)","decl":{"start":{"line":45,"column":86},"end":{"line":45,"column":87}},"loc":{"start":{"line":45,"column":92},"end":{"line":45,"column":114}},"line":45},"9":{"name":"(anonymous_9)","decl":{"start":{"line":50,"column":87},"end":{"line":50,"column":88}},"loc":{"start":{"line":50,"column":93},"end":{"line":50,"column":114}},"line":50},"10":{"name":"(anonymous_10)","decl":{"start":{"line":56,"column":5},"end":{"line":56,"column":6}},"loc":{"start":{"line":56,"column":11},"end":{"line":63,"column":1}},"line":56},"11":{"name":"(anonymous_11)","decl":{"start":{"line":57,"column":49},"end":{"line":57,"column":50}},"loc":{"start":{"line":57,"column":87},"end":{"line":57,"column":103}},"line":57}},"branchMap":{"0":{"loc":{"start":{"line":38,"column":4},"end":{"line":39,"column":33}},"type":"if","locations":[{"start":{"line":38,"column":4},"end":{"line":39,"column":33}},{"start":{"line":38,"column":4},"end":{"line":39,"column":33}}],"line":38},"1":{"loc":{"start":{"line":38,"column":7},"end":{"line":38,"column":77}},"type":"binary-expr","locations":[{"start":{"line":38,"column":7},"end":{"line":38,"column":22}},{"start":{"line":38,"column":26},"end":{"line":38,"column":38}},{"start":{"line":38,"column":42},"end":{"line":38,"column":77}}],"line":38},"2":{"loc":{"start":{"line":45,"column":8},"end":{"line":45,"column":124}},"type":"binary-expr","locations":[{"start":{"line":45,"column":8},"end":{"line":45,"column":32}},{"start":{"line":45,"column":36},"end":{"line":45,"column":124}}],"line":45},"3":{"loc":{"start":{"line":50,"column":8},"end":{"line":50,"column":127}},"type":"binary-expr","locations":[{"start":{"line":50,"column":8},"end":{"line":50,"column":31}},{"start":{"line":50,"column":35},"end":{"line":50,"column":127}}],"line":50}},"s":{"0":1,"1":30,"2":1,"3":22,"4":1,"5":10,"6":1,"7":10,"8":1,"9":10,"10":10,"11":0,"12":10,"13":3,"14":3,"15":10,"16":3,"17":3,"18":3,"19":1,"20":10,"21":1,"22":1,"23":1,"24":0,"25":0,"26":0,"27":0},"f":{"0":30,"1":22,"2":10,"3":10,"4":10,"5":0,"6":3,"7":3,"8":1,"9":1,"10":0,"11":0},"b":{"0":[1,2],"1":[3,3,2],"2":[10,10],"3":[10,10]},"_coverageSchema":"1a1c01bbd47fc00a2c39e90264f33305004495a9","hash":"89a6aae43088e27ebbe78914c414717474e2fadd"}
,"/home/joba/react/10-test/src/pagination.ts": {"path":"/home/joba/react/10-test/src/pagination.ts","statementMap":{"0":{"start":{"line":10,"column":33},"end":{"line":14,"column":1}},"1":{"start":{"line":16,"column":24},"end":{"line":33,"column":2}},"2":{"start":{"line":21,"column":8},"end":{"line":21,"column":36}},"3":{"start":{"line":24,"column":6},"end":{"line":24,"column":33}},"4":{"start":{"line":27,"column":6},"end":{"line":27,"column":33}},"5":{"start":{"line":30,"column":6},"end":{"line":30,"column":65}},"6":{"start":{"line":42,"column":4},"end":{"line":42,"column":27}}},"fnMap":{"0":{"name":"(anonymous_0)","decl":{"start":{"line":20,"column":16},"end":{"line":20,"column":17}},"loc":{"start":{"line":20,"column":41},"end":{"line":22,"column":5}},"line":20},"1":{"name":"(anonymous_1)","decl":{"start":{"line":23,"column":15},"end":{"line":23,"column":16}},"loc":{"start":{"line":23,"column":32},"end":{"line":25,"column":5}},"line":23},"2":{"name":"(anonymous_2)","decl":{"start":{"line":26,"column":16},"end":{"line":26,"column":17}},"loc":{"start":{"line":26,"column":34},"end":{"line":28,"column":5}},"line":26},"3":{"name":"(anonymous_3)","decl":{"start":{"line":29,"column":14},"end":{"line":29,"column":15}},"loc":{"start":{"line":29,"column":39},"end":{"line":31,"column":5}},"line":29}},"branchMap":{},"s":{"0":1,"1":1,"2":0,"3":0,"4":0,"5":0,"6":1},"f":{"0":0,"1":0,"2":0,"3":0},"b":{},"_coverageSchema":"1a1c01bbd47fc00a2c39e90264f33305004495a9","hash":"f6650dd8545382f973d05ac40125eb14d265162c"}
,"/home/joba/react/10-test/src/photo-view.tsx": {"path":"/home/joba/react/10-test/src/photo-view.tsx","statementMap":{"0":{"start":{"line":10,"column":54},"end":{"line":19,"column":1}},"1":{"start":{"line":11,"column":2},"end":{"line":18,"column":3}},"2":{"start":{"line":21,"column":27},"end":{"line":21,"column":77}},"3":{"start":{"line":21,"column":61},"end":{"line":21,"column":77}},"4":{"start":{"line":23,"column":30},"end":{"line":29,"column":1}},"5":{"start":{"line":26,"column":23},"end":{"line":26,"column":57}},"6":{"start":{"line":27,"column":4},"end":{"line":27,"column":46}},"7":{"start":{"line":27,"column":35},"end":{"line":27,"column":45}},"8":{"start":{"line":33,"column":5},"end":{"line":43,"column":1}},"9":{"start":{"line":34,"column":2},"end":{"line":42,"column":3}},"10":{"start":{"line":40,"column":46},"end":{"line":40,"column":74}},"11":{"start":{"line":45,"column":47},"end":{"line":50,"column":1}},"12":{"start":{"line":46,"column":30},"end":{"line":46,"column":64}},"13":{"start":{"line":47,"column":2},"end":{"line":49,"column":3}}},"fnMap":{"0":{"name":"(anonymous_0)","decl":{"start":{"line":10,"column":54},"end":{"line":10,"column":55}},"loc":{"start":{"line":10,"column":66},"end":{"line":19,"column":1}},"line":10},"1":{"name":"(anonymous_1)","decl":{"start":{"line":21,"column":27},"end":{"line":21,"column":28}},"loc":{"start":{"line":21,"column":61},"end":{"line":21,"column":77}},"line":21},"2":{"name":"(anonymous_2)","decl":{"start":{"line":25,"column":2},"end":{"line":25,"column":3}},"loc":{"start":{"line":25,"column":36},"end":{"line":28,"column":3}},"line":25},"3":{"name":"(anonymous_3)","decl":{"start":{"line":27,"column":27},"end":{"line":27,"column":28}},"loc":{"start":{"line":27,"column":35},"end":{"line":27,"column":45}},"line":27},"4":{"name":"(anonymous_4)","decl":{"start":{"line":33,"column":5},"end":{"line":33,"column":6}},"loc":{"start":{"line":33,"column":19},"end":{"line":43,"column":1}},"line":33},"5":{"name":"(anonymous_5)","decl":{"start":{"line":40,"column":20},"end":{"line":40,"column":21}},"loc":{"start":{"line":40,"column":46},"end":{"line":40,"column":74}},"line":40},"6":{"name":"(anonymous_6)","decl":{"start":{"line":45,"column":47},"end":{"line":45,"column":48}},"loc":{"start":{"line":45,"column":53},"end":{"line":50,"column":1}},"line":45}},"branchMap":{},"s":{"0":1,"1":0,"2":1,"3":0,"4":1,"5":0,"6":0,"7":0,"8":1,"9":2,"10":4,"11":1,"12":0,"13":0},"f":{"0":0,"1":0,"2":0,"3":0,"4":2,"5":4,"6":0},"b":{},"_coverageSchema":"1a1c01bbd47fc00a2c39e90264f33305004495a9","hash":"bcb809e39b61da261af7589fcb0d21a8edd54eb7"}
,"/home/joba/react/10-test/src/photos.ts": {"path":"/home/joba/react/10-test/src/photos.ts","statementMap":{"0":{"start":{"line":12,"column":21},"end":{"line":14,"column":2}},"1":{"start":{"line":13,"column":28},"end":{"line":13,"column":47}},"2":{"start":{"line":19,"column":4},"end":{"line":19,"column":73}},"3":{"start":{"line":19,"column":60},"end":{"line":19,"column":72}},"4":{"start":{"line":21,"column":21},"end":{"line":21,"column":51}},"5":{"start":{"line":25,"column":19},"end":{"line":33,"column":2}},"6":{"start":{"line":30,"column":6},"end":{"line":30,"column":49}},"7":{"start":{"line":37,"column":4},"end":{"line":37,"column":22}}},"fnMap":{"0":{"name":"(anonymous_0)","decl":{"start":{"line":13,"column":16},"end":{"line":13,"column":17}},"loc":{"start":{"line":13,"column":28},"end":{"line":13,"column":47}},"line":13},"1":{"name":"(anonymous_1)","decl":{"start":{"line":19,"column":30},"end":{"line":19,"column":31}},"loc":{"start":{"line":19,"column":60},"end":{"line":19,"column":72}},"line":19},"2":{"name":"(anonymous_2)","decl":{"start":{"line":29,"column":13},"end":{"line":29,"column":14}},"loc":{"start":{"line":29,"column":39},"end":{"line":31,"column":5}},"line":29}},"branchMap":{},"s":{"0":1,"1":0,"2":1,"3":0,"4":1,"5":1,"6":0,"7":1},"f":{"0":0,"1":0,"2":0},"b":{},"_coverageSchema":"1a1c01bbd47fc00a2c39e90264f33305004495a9","hash":"af79d0eb6ac660c5e33653e558f779e55e87abc9"}
}
