TN:
SF:src/pagination-view.tsx
FN:7,(anonymous_0)
FN:10,(anonymous_1)
FN:13,(anonymous_2)
FN:16,(anonymous_3)
FN:22,(anonymous_4)
FN:26,(anonymous_5)
FN:30,(anonymous_6)
FN:35,(anonymous_7)
FN:45,(anonymous_8)
FN:50,(anonymous_9)
FN:56,(anonymous_10)
FN:57,(anonymous_11)
FNF:12
FNH:9
FNDA:30,(anonymous_0)
FNDA:22,(anonymous_1)
FNDA:10,(anonymous_2)
FNDA:10,(anonymous_3)
FNDA:10,(anonymous_4)
FNDA:0,(anonymous_5)
FNDA:3,(anonymous_6)
FNDA:3,(anonymous_7)
FNDA:1,(anonymous_8)
FNDA:1,(anonymous_9)
FNDA:0,(anonymous_10)
FNDA:0,(anonymous_11)
DA:7,1
DA:8,30
DA:10,1
DA:11,22
DA:13,1
DA:14,10
DA:16,1
DA:17,10
DA:22,1
DA:24,10
DA:26,10
DA:27,0
DA:30,10
DA:31,3
DA:32,3
DA:35,10
DA:36,3
DA:37,3
DA:38,3
DA:39,1
DA:43,10
DA:45,1
DA:50,1
DA:56,1
DA:57,0
DA:58,0
DA:60,0
LF:27
LH:23
BRDA:38,0,0,1
BRDA:38,0,1,2
BRDA:38,1,0,3
BRDA:38,1,1,3
BRDA:38,1,2,2
BRDA:45,2,0,10
BRDA:45,2,1,10
BRDA:50,3,0,10
BRDA:50,3,1,10
BRF:9
BRH:9
end_of_record
TN:
SF:src/pagination.ts
FN:20,(anonymous_0)
FN:23,(anonymous_1)
FN:26,(anonymous_2)
FN:29,(anonymous_3)
FNF:4
FNH:0
FNDA:0,(anonymous_0)
FNDA:0,(anonymous_1)
FNDA:0,(anonymous_2)
FNDA:0,(anonymous_3)
DA:10,1
DA:16,1
DA:21,0
DA:24,0
DA:27,0
DA:30,0
DA:42,1
LF:7
LH:3
BRF:0
BRH:0
end_of_record
TN:
SF:src/photo-view.tsx
FN:10,(anonymous_0)
FN:21,(anonymous_1)
FN:25,(anonymous_2)
FN:27,(anonymous_3)
FN:33,(anonymous_4)
FN:40,(anonymous_5)
FN:45,(anonymous_6)
FNF:7
FNH:2
FNDA:0,(anonymous_0)
FNDA:0,(anonymous_1)
FNDA:0,(anonymous_2)
FNDA:0,(anonymous_3)
FNDA:2,(anonymous_4)
FNDA:4,(anonymous_5)
FNDA:0,(anonymous_6)
DA:10,1
DA:11,0
DA:21,1
DA:23,1
DA:26,0
DA:27,0
DA:33,1
DA:34,2
DA:40,4
DA:45,1
DA:46,0
DA:47,0
LF:12
LH:7
BRF:0
BRH:0
end_of_record
TN:
SF:src/photos.ts
FN:13,(anonymous_0)
FN:19,(anonymous_1)
FN:29,(anonymous_2)
FNF:3
FNH:0
FNDA:0,(anonymous_0)
FNDA:0,(anonymous_1)
FNDA:0,(anonymous_2)
DA:12,1
DA:13,0
DA:19,1
DA:21,1
DA:25,1
DA:30,0
DA:37,1
LF:7
LH:5
BRF:0
BRH:0
end_of_record
